[22-Oct-2021 13:37:39 UTC] PHP Notice:  register_rest_route est appelée de la mauvaise manière. La définition de la route de l’API REST pour <code>jwt-auth/v1/token</code> n’a pas l’argument <code>permission_callback</code> nécessaire. Pour les routes de l’API REST qui sont destinées à être publiques, utilisez <code>__return_true</code> comme rappel de permission. Veuillez lire <a href="https://fr.wordpress.org/support/article/debugging-in-wordpress/">Débogage dans WordPress</a> (en) pour plus d’informations. (Ce message a été ajouté à la version 5.5.0.) in /var/www/html/spe wordpress/oCooking/wp-ocooking-backend-cours/wp/wp-includes/functions.php on line 5663
[22-Oct-2021 13:37:39 UTC] PHP Stack trace:
[22-Oct-2021 13:37:39 UTC] PHP   1. {main}() /var/www/html/spe wordpress/oCooking/wp-ocooking-backend-cours/wp/wp-admin/post-new.php:0
[22-Oct-2021 13:37:39 UTC] PHP   2. require_once() /var/www/html/spe wordpress/oCooking/wp-ocooking-backend-cours/wp/wp-admin/post-new.php:10
[22-Oct-2021 13:37:39 UTC] PHP   3. set_current_screen() /var/www/html/spe wordpress/oCooking/wp-ocooking-backend-cours/wp/wp-admin/admin.php:212
[22-Oct-2021 13:37:39 UTC] PHP   4. WP_Screen->set_current_screen() /var/www/html/spe wordpress/oCooking/wp-ocooking-backend-cours/wp/wp-admin/includes/screen.php:243
[22-Oct-2021 13:37:39 UTC] PHP   5. do_action() /var/www/html/spe wordpress/oCooking/wp-ocooking-backend-cours/wp/wp-admin/includes/class-wp-screen.php:421
[22-Oct-2021 13:37:39 UTC] PHP   6. WP_Hook->do_action() /var/www/html/spe wordpress/oCooking/wp-ocooking-backend-cours/wp/wp-includes/plugin.php:470
[22-Oct-2021 13:37:39 UTC] PHP   7. WP_Hook->apply_filters() /var/www/html/spe wordpress/oCooking/wp-ocooking-backend-cours/wp/wp-includes/class-wp-hook.php:327
[22-Oct-2021 13:37:39 UTC] PHP   8. _load_remote_block_patterns() /var/www/html/spe wordpress/oCooking/wp-ocooking-backend-cours/wp/wp-includes/class-wp-hook.php:303
[22-Oct-2021 13:37:39 UTC] PHP   9. rest_do_request() /var/www/html/spe wordpress/oCooking/wp-ocooking-backend-cours/wp/wp-includes/block-patterns.php:74
[22-Oct-2021 13:37:39 UTC] PHP  10. rest_get_server() /var/www/html/spe wordpress/oCooking/wp-ocooking-backend-cours/wp/wp-includes/rest-api.php:495
[22-Oct-2021 13:37:39 UTC] PHP  11. do_action() /var/www/html/spe wordpress/oCooking/wp-ocooking-backend-cours/wp/wp-includes/rest-api.php:537
[22-Oct-2021 13:37:39 UTC] PHP  12. WP_Hook->do_action() /var/www/html/spe wordpress/oCooking/wp-ocooking-backend-cours/wp/wp-includes/plugin.php:470
[22-Oct-2021 13:37:39 UTC] PHP  13. WP_Hook->apply_filters() /var/www/html/spe wordpress/oCooking/wp-ocooking-backend-cours/wp/wp-includes/class-wp-hook.php:327
[22-Oct-2021 13:37:39 UTC] PHP  14. Jwt_Auth_Public->add_api_routes() /var/www/html/spe wordpress/oCooking/wp-ocooking-backend-cours/wp/wp-includes/class-wp-hook.php:303
[22-Oct-2021 13:37:39 UTC] PHP  15. register_rest_route() /var/www/html/spe wordpress/oCooking/wp-ocooking-backend-cours/content/plugins/jwt-authentication-for-wp-rest-api/public/class-jwt-auth-public.php:77
[22-Oct-2021 13:37:39 UTC] PHP  16. _doing_it_wrong() /var/www/html/spe wordpress/oCooking/wp-ocooking-backend-cours/wp/wp-includes/rest-api.php:103
[22-Oct-2021 13:37:39 UTC] PHP  17. trigger_error() /var/www/html/spe wordpress/oCooking/wp-ocooking-backend-cours/wp/wp-includes/functions.php:5663
[22-Oct-2021 13:37:39 UTC] PHP Notice:  register_rest_route est appelée de la mauvaise manière. La définition de la route de l’API REST pour <code>jwt-auth/v1/token/validate</code> n’a pas l’argument <code>permission_callback</code> nécessaire. Pour les routes de l’API REST qui sont destinées à être publiques, utilisez <code>__return_true</code> comme rappel de permission. Veuillez lire <a href="https://fr.wordpress.org/support/article/debugging-in-wordpress/">Débogage dans WordPress</a> (en) pour plus d’informations. (Ce message a été ajouté à la version 5.5.0.) in /var/www/html/spe wordpress/oCooking/wp-ocooking-backend-cours/wp/wp-includes/functions.php on line 5663
[22-Oct-2021 13:37:39 UTC] PHP Stack trace:
[22-Oct-2021 13:37:39 UTC] PHP   1. {main}() /var/www/html/spe wordpress/oCooking/wp-ocooking-backend-cours/wp/wp-admin/post-new.php:0
[22-Oct-2021 13:37:39 UTC] PHP   2. require_once() /var/www/html/spe wordpress/oCooking/wp-ocooking-backend-cours/wp/wp-admin/post-new.php:10
[22-Oct-2021 13:37:39 UTC] PHP   3. set_current_screen() /var/www/html/spe wordpress/oCooking/wp-ocooking-backend-cours/wp/wp-admin/admin.php:212
[22-Oct-2021 13:37:39 UTC] PHP   4. WP_Screen->set_current_screen() /var/www/html/spe wordpress/oCooking/wp-ocooking-backend-cours/wp/wp-admin/includes/screen.php:243
[22-Oct-2021 13:37:39 UTC] PHP   5. do_action() /var/www/html/spe wordpress/oCooking/wp-ocooking-backend-cours/wp/wp-admin/includes/class-wp-screen.php:421
[22-Oct-2021 13:37:39 UTC] PHP   6. WP_Hook->do_action() /var/www/html/spe wordpress/oCooking/wp-ocooking-backend-cours/wp/wp-includes/plugin.php:470
[22-Oct-2021 13:37:39 UTC] PHP   7. WP_Hook->apply_filters() /var/www/html/spe wordpress/oCooking/wp-ocooking-backend-cours/wp/wp-includes/class-wp-hook.php:327
[22-Oct-2021 13:37:39 UTC] PHP   8. _load_remote_block_patterns() /var/www/html/spe wordpress/oCooking/wp-ocooking-backend-cours/wp/wp-includes/class-wp-hook.php:303
[22-Oct-2021 13:37:39 UTC] PHP   9. rest_do_request() /var/www/html/spe wordpress/oCooking/wp-ocooking-backend-cours/wp/wp-includes/block-patterns.php:74
[22-Oct-2021 13:37:39 UTC] PHP  10. rest_get_server() /var/www/html/spe wordpress/oCooking/wp-ocooking-backend-cours/wp/wp-includes/rest-api.php:495
[22-Oct-2021 13:37:39 UTC] PHP  11. do_action() /var/www/html/spe wordpress/oCooking/wp-ocooking-backend-cours/wp/wp-includes/rest-api.php:537
[22-Oct-2021 13:37:39 UTC] PHP  12. WP_Hook->do_action() /var/www/html/spe wordpress/oCooking/wp-ocooking-backend-cours/wp/wp-includes/plugin.php:470
[22-Oct-2021 13:37:39 UTC] PHP  13. WP_Hook->apply_filters() /var/www/html/spe wordpress/oCooking/wp-ocooking-backend-cours/wp/wp-includes/class-wp-hook.php:327
[22-Oct-2021 13:37:39 UTC] PHP  14. Jwt_Auth_Public->add_api_routes() /var/www/html/spe wordpress/oCooking/wp-ocooking-backend-cours/wp/wp-includes/class-wp-hook.php:303
[22-Oct-2021 13:37:39 UTC] PHP  15. register_rest_route() /var/www/html/spe wordpress/oCooking/wp-ocooking-backend-cours/content/plugins/jwt-authentication-for-wp-rest-api/public/class-jwt-auth-public.php:82
[22-Oct-2021 13:37:39 UTC] PHP  16. _doing_it_wrong() /var/www/html/spe wordpress/oCooking/wp-ocooking-backend-cours/wp/wp-includes/rest-api.php:103
[22-Oct-2021 13:37:39 UTC] PHP  17. trigger_error() /var/www/html/spe wordpress/oCooking/wp-ocooking-backend-cours/wp/wp-includes/functions.php:5663
[25-Oct-2021 07:40:05 UTC] PHP Notice:  register_rest_route est appelée de la mauvaise manière. La définition de la route de l’API REST pour <code>jwt-auth/v1/token</code> n’a pas l’argument <code>permission_callback</code> nécessaire. Pour les routes de l’API REST qui sont destinées à être publiques, utilisez <code>__return_true</code> comme rappel de permission. Veuillez lire <a href="https://fr.wordpress.org/support/article/debugging-in-wordpress/">Débogage dans WordPress</a> (en) pour plus d’informations. (Ce message a été ajouté à la version 5.5.0.) in /var/www/html/spe wordpress/oCooking/wp-ocooking-backend-cours/wp/wp-includes/functions.php on line 5663
[25-Oct-2021 07:40:05 UTC] PHP Stack trace:
[25-Oct-2021 07:40:05 UTC] PHP   1. {main}() /var/www/html/spe wordpress/oCooking/wp-ocooking-backend-cours/wp/wp-admin/post-new.php:0
[25-Oct-2021 07:40:05 UTC] PHP   2. require_once() /var/www/html/spe wordpress/oCooking/wp-ocooking-backend-cours/wp/wp-admin/post-new.php:10
[25-Oct-2021 07:40:05 UTC] PHP   3. set_current_screen() /var/www/html/spe wordpress/oCooking/wp-ocooking-backend-cours/wp/wp-admin/admin.php:212
[25-Oct-2021 07:40:05 UTC] PHP   4. WP_Screen->set_current_screen() /var/www/html/spe wordpress/oCooking/wp-ocooking-backend-cours/wp/wp-admin/includes/screen.php:243
[25-Oct-2021 07:40:05 UTC] PHP   5. do_action() /var/www/html/spe wordpress/oCooking/wp-ocooking-backend-cours/wp/wp-admin/includes/class-wp-screen.php:421
[25-Oct-2021 07:40:05 UTC] PHP   6. WP_Hook->do_action() /var/www/html/spe wordpress/oCooking/wp-ocooking-backend-cours/wp/wp-includes/plugin.php:470
[25-Oct-2021 07:40:05 UTC] PHP   7. WP_Hook->apply_filters() /var/www/html/spe wordpress/oCooking/wp-ocooking-backend-cours/wp/wp-includes/class-wp-hook.php:327
[25-Oct-2021 07:40:05 UTC] PHP   8. _load_remote_block_patterns() /var/www/html/spe wordpress/oCooking/wp-ocooking-backend-cours/wp/wp-includes/class-wp-hook.php:303
[25-Oct-2021 07:40:05 UTC] PHP   9. rest_do_request() /var/www/html/spe wordpress/oCooking/wp-ocooking-backend-cours/wp/wp-includes/block-patterns.php:74
[25-Oct-2021 07:40:05 UTC] PHP  10. rest_get_server() /var/www/html/spe wordpress/oCooking/wp-ocooking-backend-cours/wp/wp-includes/rest-api.php:495
[25-Oct-2021 07:40:05 UTC] PHP  11. do_action() /var/www/html/spe wordpress/oCooking/wp-ocooking-backend-cours/wp/wp-includes/rest-api.php:537
[25-Oct-2021 07:40:05 UTC] PHP  12. WP_Hook->do_action() /var/www/html/spe wordpress/oCooking/wp-ocooking-backend-cours/wp/wp-includes/plugin.php:470
[25-Oct-2021 07:40:05 UTC] PHP  13. WP_Hook->apply_filters() /var/www/html/spe wordpress/oCooking/wp-ocooking-backend-cours/wp/wp-includes/class-wp-hook.php:327
[25-Oct-2021 07:40:05 UTC] PHP  14. Jwt_Auth_Public->add_api_routes() /var/www/html/spe wordpress/oCooking/wp-ocooking-backend-cours/wp/wp-includes/class-wp-hook.php:303
[25-Oct-2021 07:40:05 UTC] PHP  15. register_rest_route() /var/www/html/spe wordpress/oCooking/wp-ocooking-backend-cours/content/plugins/jwt-authentication-for-wp-rest-api/public/class-jwt-auth-public.php:77
[25-Oct-2021 07:40:05 UTC] PHP  16. _doing_it_wrong() /var/www/html/spe wordpress/oCooking/wp-ocooking-backend-cours/wp/wp-includes/rest-api.php:103
[25-Oct-2021 07:40:05 UTC] PHP  17. trigger_error() /var/www/html/spe wordpress/oCooking/wp-ocooking-backend-cours/wp/wp-includes/functions.php:5663
[25-Oct-2021 07:40:05 UTC] PHP Notice:  register_rest_route est appelée de la mauvaise manière. La définition de la route de l’API REST pour <code>jwt-auth/v1/token/validate</code> n’a pas l’argument <code>permission_callback</code> nécessaire. Pour les routes de l’API REST qui sont destinées à être publiques, utilisez <code>__return_true</code> comme rappel de permission. Veuillez lire <a href="https://fr.wordpress.org/support/article/debugging-in-wordpress/">Débogage dans WordPress</a> (en) pour plus d’informations. (Ce message a été ajouté à la version 5.5.0.) in /var/www/html/spe wordpress/oCooking/wp-ocooking-backend-cours/wp/wp-includes/functions.php on line 5663
[25-Oct-2021 07:40:05 UTC] PHP Stack trace:
[25-Oct-2021 07:40:05 UTC] PHP   1. {main}() /var/www/html/spe wordpress/oCooking/wp-ocooking-backend-cours/wp/wp-admin/post-new.php:0
[25-Oct-2021 07:40:05 UTC] PHP   2. require_once() /var/www/html/spe wordpress/oCooking/wp-ocooking-backend-cours/wp/wp-admin/post-new.php:10
[25-Oct-2021 07:40:05 UTC] PHP   3. set_current_screen() /var/www/html/spe wordpress/oCooking/wp-ocooking-backend-cours/wp/wp-admin/admin.php:212
[25-Oct-2021 07:40:05 UTC] PHP   4. WP_Screen->set_current_screen() /var/www/html/spe wordpress/oCooking/wp-ocooking-backend-cours/wp/wp-admin/includes/screen.php:243
[25-Oct-2021 07:40:05 UTC] PHP   5. do_action() /var/www/html/spe wordpress/oCooking/wp-ocooking-backend-cours/wp/wp-admin/includes/class-wp-screen.php:421
[25-Oct-2021 07:40:05 UTC] PHP   6. WP_Hook->do_action() /var/www/html/spe wordpress/oCooking/wp-ocooking-backend-cours/wp/wp-includes/plugin.php:470
[25-Oct-2021 07:40:05 UTC] PHP   7. WP_Hook->apply_filters() /var/www/html/spe wordpress/oCooking/wp-ocooking-backend-cours/wp/wp-includes/class-wp-hook.php:327
[25-Oct-2021 07:40:05 UTC] PHP   8. _load_remote_block_patterns() /var/www/html/spe wordpress/oCooking/wp-ocooking-backend-cours/wp/wp-includes/class-wp-hook.php:303
[25-Oct-2021 07:40:05 UTC] PHP   9. rest_do_request() /var/www/html/spe wordpress/oCooking/wp-ocooking-backend-cours/wp/wp-includes/block-patterns.php:74
[25-Oct-2021 07:40:05 UTC] PHP  10. rest_get_server() /var/www/html/spe wordpress/oCooking/wp-ocooking-backend-cours/wp/wp-includes/rest-api.php:495
[25-Oct-2021 07:40:05 UTC] PHP  11. do_action() /var/www/html/spe wordpress/oCooking/wp-ocooking-backend-cours/wp/wp-includes/rest-api.php:537
[25-Oct-2021 07:40:05 UTC] PHP  12. WP_Hook->do_action() /var/www/html/spe wordpress/oCooking/wp-ocooking-backend-cours/wp/wp-includes/plugin.php:470
[25-Oct-2021 07:40:05 UTC] PHP  13. WP_Hook->apply_filters() /var/www/html/spe wordpress/oCooking/wp-ocooking-backend-cours/wp/wp-includes/class-wp-hook.php:327
[25-Oct-2021 07:40:05 UTC] PHP  14. Jwt_Auth_Public->add_api_routes() /var/www/html/spe wordpress/oCooking/wp-ocooking-backend-cours/wp/wp-includes/class-wp-hook.php:303
[25-Oct-2021 07:40:05 UTC] PHP  15. register_rest_route() /var/www/html/spe wordpress/oCooking/wp-ocooking-backend-cours/content/plugins/jwt-authentication-for-wp-rest-api/public/class-jwt-auth-public.php:82
[25-Oct-2021 07:40:05 UTC] PHP  16. _doing_it_wrong() /var/www/html/spe wordpress/oCooking/wp-ocooking-backend-cours/wp/wp-includes/rest-api.php:103
[25-Oct-2021 07:40:05 UTC] PHP  17. trigger_error() /var/www/html/spe wordpress/oCooking/wp-ocooking-backend-cours/wp/wp-includes/functions.php:5663
[25-Oct-2021 07:49:16 UTC] PHP Notice:  register_rest_route est appelée de la mauvaise manière. La définition de la route de l’API REST pour <code>jwt-auth/v1/token</code> n’a pas l’argument <code>permission_callback</code> nécessaire. Pour les routes de l’API REST qui sont destinées à être publiques, utilisez <code>__return_true</code> comme rappel de permission. Veuillez lire <a href="https://fr.wordpress.org/support/article/debugging-in-wordpress/">Débogage dans WordPress</a> (en) pour plus d’informations. (Ce message a été ajouté à la version 5.5.0.) in /var/www/html/spe wordpress/oCooking/wp-ocooking-backend-cours/wp/wp-includes/functions.php on line 5663
[25-Oct-2021 07:49:16 UTC] PHP Stack trace:
[25-Oct-2021 07:49:16 UTC] PHP   1. {main}() /var/www/html/spe wordpress/oCooking/wp-ocooking-backend-cours/wp/wp-admin/post.php:0
[25-Oct-2021 07:49:16 UTC] PHP   2. require_once() /var/www/html/spe wordpress/oCooking/wp-ocooking-backend-cours/wp/wp-admin/post.php:12
[25-Oct-2021 07:49:16 UTC] PHP   3. set_current_screen() /var/www/html/spe wordpress/oCooking/wp-ocooking-backend-cours/wp/wp-admin/admin.php:212
[25-Oct-2021 07:49:16 UTC] PHP   4. WP_Screen->set_current_screen() /var/www/html/spe wordpress/oCooking/wp-ocooking-backend-cours/wp/wp-admin/includes/screen.php:243
[25-Oct-2021 07:49:16 UTC] PHP   5. do_action() /var/www/html/spe wordpress/oCooking/wp-ocooking-backend-cours/wp/wp-admin/includes/class-wp-screen.php:421
[25-Oct-2021 07:49:16 UTC] PHP   6. WP_Hook->do_action() /var/www/html/spe wordpress/oCooking/wp-ocooking-backend-cours/wp/wp-includes/plugin.php:470
[25-Oct-2021 07:49:16 UTC] PHP   7. WP_Hook->apply_filters() /var/www/html/spe wordpress/oCooking/wp-ocooking-backend-cours/wp/wp-includes/class-wp-hook.php:327
[25-Oct-2021 07:49:16 UTC] PHP   8. _load_remote_block_patterns() /var/www/html/spe wordpress/oCooking/wp-ocooking-backend-cours/wp/wp-includes/class-wp-hook.php:303
[25-Oct-2021 07:49:16 UTC] PHP   9. rest_do_request() /var/www/html/spe wordpress/oCooking/wp-ocooking-backend-cours/wp/wp-includes/block-patterns.php:74
[25-Oct-2021 07:49:16 UTC] PHP  10. rest_get_server() /var/www/html/spe wordpress/oCooking/wp-ocooking-backend-cours/wp/wp-includes/rest-api.php:495
[25-Oct-2021 07:49:16 UTC] PHP  11. do_action() /var/www/html/spe wordpress/oCooking/wp-ocooking-backend-cours/wp/wp-includes/rest-api.php:537
[25-Oct-2021 07:49:16 UTC] PHP  12. WP_Hook->do_action() /var/www/html/spe wordpress/oCooking/wp-ocooking-backend-cours/wp/wp-includes/plugin.php:470
[25-Oct-2021 07:49:16 UTC] PHP  13. WP_Hook->apply_filters() /var/www/html/spe wordpress/oCooking/wp-ocooking-backend-cours/wp/wp-includes/class-wp-hook.php:327
[25-Oct-2021 07:49:16 UTC] PHP  14. Jwt_Auth_Public->add_api_routes() /var/www/html/spe wordpress/oCooking/wp-ocooking-backend-cours/wp/wp-includes/class-wp-hook.php:303
[25-Oct-2021 07:49:16 UTC] PHP  15. register_rest_route() /var/www/html/spe wordpress/oCooking/wp-ocooking-backend-cours/content/plugins/jwt-authentication-for-wp-rest-api/public/class-jwt-auth-public.php:77
[25-Oct-2021 07:49:16 UTC] PHP  16. _doing_it_wrong() /var/www/html/spe wordpress/oCooking/wp-ocooking-backend-cours/wp/wp-includes/rest-api.php:103
[25-Oct-2021 07:49:16 UTC] PHP  17. trigger_error() /var/www/html/spe wordpress/oCooking/wp-ocooking-backend-cours/wp/wp-includes/functions.php:5663
[25-Oct-2021 07:49:16 UTC] PHP Notice:  register_rest_route est appelée de la mauvaise manière. La définition de la route de l’API REST pour <code>jwt-auth/v1/token/validate</code> n’a pas l’argument <code>permission_callback</code> nécessaire. Pour les routes de l’API REST qui sont destinées à être publiques, utilisez <code>__return_true</code> comme rappel de permission. Veuillez lire <a href="https://fr.wordpress.org/support/article/debugging-in-wordpress/">Débogage dans WordPress</a> (en) pour plus d’informations. (Ce message a été ajouté à la version 5.5.0.) in /var/www/html/spe wordpress/oCooking/wp-ocooking-backend-cours/wp/wp-includes/functions.php on line 5663
[25-Oct-2021 07:49:16 UTC] PHP Stack trace:
[25-Oct-2021 07:49:16 UTC] PHP   1. {main}() /var/www/html/spe wordpress/oCooking/wp-ocooking-backend-cours/wp/wp-admin/post.php:0
[25-Oct-2021 07:49:16 UTC] PHP   2. require_once() /var/www/html/spe wordpress/oCooking/wp-ocooking-backend-cours/wp/wp-admin/post.php:12
[25-Oct-2021 07:49:16 UTC] PHP   3. set_current_screen() /var/www/html/spe wordpress/oCooking/wp-ocooking-backend-cours/wp/wp-admin/admin.php:212
[25-Oct-2021 07:49:16 UTC] PHP   4. WP_Screen->set_current_screen() /var/www/html/spe wordpress/oCooking/wp-ocooking-backend-cours/wp/wp-admin/includes/screen.php:243
[25-Oct-2021 07:49:16 UTC] PHP   5. do_action() /var/www/html/spe wordpress/oCooking/wp-ocooking-backend-cours/wp/wp-admin/includes/class-wp-screen.php:421
[25-Oct-2021 07:49:16 UTC] PHP   6. WP_Hook->do_action() /var/www/html/spe wordpress/oCooking/wp-ocooking-backend-cours/wp/wp-includes/plugin.php:470
[25-Oct-2021 07:49:16 UTC] PHP   7. WP_Hook->apply_filters() /var/www/html/spe wordpress/oCooking/wp-ocooking-backend-cours/wp/wp-includes/class-wp-hook.php:327
[25-Oct-2021 07:49:16 UTC] PHP   8. _load_remote_block_patterns() /var/www/html/spe wordpress/oCooking/wp-ocooking-backend-cours/wp/wp-includes/class-wp-hook.php:303
[25-Oct-2021 07:49:16 UTC] PHP   9. rest_do_request() /var/www/html/spe wordpress/oCooking/wp-ocooking-backend-cours/wp/wp-includes/block-patterns.php:74
[25-Oct-2021 07:49:16 UTC] PHP  10. rest_get_server() /var/www/html/spe wordpress/oCooking/wp-ocooking-backend-cours/wp/wp-includes/rest-api.php:495
[25-Oct-2021 07:49:16 UTC] PHP  11. do_action() /var/www/html/spe wordpress/oCooking/wp-ocooking-backend-cours/wp/wp-includes/rest-api.php:537
[25-Oct-2021 07:49:16 UTC] PHP  12. WP_Hook->do_action() /var/www/html/spe wordpress/oCooking/wp-ocooking-backend-cours/wp/wp-includes/plugin.php:470
[25-Oct-2021 07:49:16 UTC] PHP  13. WP_Hook->apply_filters() /var/www/html/spe wordpress/oCooking/wp-ocooking-backend-cours/wp/wp-includes/class-wp-hook.php:327
[25-Oct-2021 07:49:16 UTC] PHP  14. Jwt_Auth_Public->add_api_routes() /var/www/html/spe wordpress/oCooking/wp-ocooking-backend-cours/wp/wp-includes/class-wp-hook.php:303
[25-Oct-2021 07:49:16 UTC] PHP  15. register_rest_route() /var/www/html/spe wordpress/oCooking/wp-ocooking-backend-cours/content/plugins/jwt-authentication-for-wp-rest-api/public/class-jwt-auth-public.php:82
[25-Oct-2021 07:49:16 UTC] PHP  16. _doing_it_wrong() /var/www/html/spe wordpress/oCooking/wp-ocooking-backend-cours/wp/wp-includes/rest-api.php:103
[25-Oct-2021 07:49:16 UTC] PHP  17. trigger_error() /var/www/html/spe wordpress/oCooking/wp-ocooking-backend-cours/wp/wp-includes/functions.php:5663
[25-Oct-2021 07:59:58 UTC] PHP Notice:  register_rest_route est appelée de la mauvaise manière. La définition de la route de l’API REST pour <code>jwt-auth/v1/token</code> n’a pas l’argument <code>permission_callback</code> nécessaire. Pour les routes de l’API REST qui sont destinées à être publiques, utilisez <code>__return_true</code> comme rappel de permission. Veuillez lire <a href="https://fr.wordpress.org/support/article/debugging-in-wordpress/">Débogage dans WordPress</a> (en) pour plus d’informations. (Ce message a été ajouté à la version 5.5.0.) in /var/www/html/spe wordpress/oCooking/wp-ocooking-backend-cours/wp/wp-includes/functions.php on line 5663
[25-Oct-2021 07:59:58 UTC] PHP Stack trace:
[25-Oct-2021 07:59:58 UTC] PHP   1. {main}() /var/www/html/spe wordpress/oCooking/wp-ocooking-backend-cours/wp/wp-admin/post.php:0
[25-Oct-2021 07:59:58 UTC] PHP   2. require_once() /var/www/html/spe wordpress/oCooking/wp-ocooking-backend-cours/wp/wp-admin/post.php:12
[25-Oct-2021 07:59:58 UTC] PHP   3. set_current_screen() /var/www/html/spe wordpress/oCooking/wp-ocooking-backend-cours/wp/wp-admin/admin.php:212
[25-Oct-2021 07:59:58 UTC] PHP   4. WP_Screen->set_current_screen() /var/www/html/spe wordpress/oCooking/wp-ocooking-backend-cours/wp/wp-admin/includes/screen.php:243
[25-Oct-2021 07:59:58 UTC] PHP   5. do_action() /var/www/html/spe wordpress/oCooking/wp-ocooking-backend-cours/wp/wp-admin/includes/class-wp-screen.php:421
[25-Oct-2021 07:59:58 UTC] PHP   6. WP_Hook->do_action() /var/www/html/spe wordpress/oCooking/wp-ocooking-backend-cours/wp/wp-includes/plugin.php:470
[25-Oct-2021 07:59:58 UTC] PHP   7. WP_Hook->apply_filters() /var/www/html/spe wordpress/oCooking/wp-ocooking-backend-cours/wp/wp-includes/class-wp-hook.php:327
[25-Oct-2021 07:59:58 UTC] PHP   8. _load_remote_block_patterns() /var/www/html/spe wordpress/oCooking/wp-ocooking-backend-cours/wp/wp-includes/class-wp-hook.php:303
[25-Oct-2021 07:59:58 UTC] PHP   9. rest_do_request() /var/www/html/spe wordpress/oCooking/wp-ocooking-backend-cours/wp/wp-includes/block-patterns.php:74
[25-Oct-2021 07:59:58 UTC] PHP  10. rest_get_server() /var/www/html/spe wordpress/oCooking/wp-ocooking-backend-cours/wp/wp-includes/rest-api.php:495
[25-Oct-2021 07:59:58 UTC] PHP  11. do_action() /var/www/html/spe wordpress/oCooking/wp-ocooking-backend-cours/wp/wp-includes/rest-api.php:537
[25-Oct-2021 07:59:58 UTC] PHP  12. WP_Hook->do_action() /var/www/html/spe wordpress/oCooking/wp-ocooking-backend-cours/wp/wp-includes/plugin.php:470
[25-Oct-2021 07:59:58 UTC] PHP  13. WP_Hook->apply_filters() /var/www/html/spe wordpress/oCooking/wp-ocooking-backend-cours/wp/wp-includes/class-wp-hook.php:327
[25-Oct-2021 07:59:58 UTC] PHP  14. Jwt_Auth_Public->add_api_routes() /var/www/html/spe wordpress/oCooking/wp-ocooking-backend-cours/wp/wp-includes/class-wp-hook.php:303
[25-Oct-2021 07:59:58 UTC] PHP  15. register_rest_route() /var/www/html/spe wordpress/oCooking/wp-ocooking-backend-cours/content/plugins/jwt-authentication-for-wp-rest-api/public/class-jwt-auth-public.php:77
[25-Oct-2021 07:59:58 UTC] PHP  16. _doing_it_wrong() /var/www/html/spe wordpress/oCooking/wp-ocooking-backend-cours/wp/wp-includes/rest-api.php:103
[25-Oct-2021 07:59:58 UTC] PHP  17. trigger_error() /var/www/html/spe wordpress/oCooking/wp-ocooking-backend-cours/wp/wp-includes/functions.php:5663
[25-Oct-2021 07:59:58 UTC] PHP Notice:  register_rest_route est appelée de la mauvaise manière. La définition de la route de l’API REST pour <code>jwt-auth/v1/token/validate</code> n’a pas l’argument <code>permission_callback</code> nécessaire. Pour les routes de l’API REST qui sont destinées à être publiques, utilisez <code>__return_true</code> comme rappel de permission. Veuillez lire <a href="https://fr.wordpress.org/support/article/debugging-in-wordpress/">Débogage dans WordPress</a> (en) pour plus d’informations. (Ce message a été ajouté à la version 5.5.0.) in /var/www/html/spe wordpress/oCooking/wp-ocooking-backend-cours/wp/wp-includes/functions.php on line 5663
[25-Oct-2021 07:59:58 UTC] PHP Stack trace:
[25-Oct-2021 07:59:58 UTC] PHP   1. {main}() /var/www/html/spe wordpress/oCooking/wp-ocooking-backend-cours/wp/wp-admin/post.php:0
[25-Oct-2021 07:59:58 UTC] PHP   2. require_once() /var/www/html/spe wordpress/oCooking/wp-ocooking-backend-cours/wp/wp-admin/post.php:12
[25-Oct-2021 07:59:58 UTC] PHP   3. set_current_screen() /var/www/html/spe wordpress/oCooking/wp-ocooking-backend-cours/wp/wp-admin/admin.php:212
[25-Oct-2021 07:59:58 UTC] PHP   4. WP_Screen->set_current_screen() /var/www/html/spe wordpress/oCooking/wp-ocooking-backend-cours/wp/wp-admin/includes/screen.php:243
[25-Oct-2021 07:59:58 UTC] PHP   5. do_action() /var/www/html/spe wordpress/oCooking/wp-ocooking-backend-cours/wp/wp-admin/includes/class-wp-screen.php:421
[25-Oct-2021 07:59:58 UTC] PHP   6. WP_Hook->do_action() /var/www/html/spe wordpress/oCooking/wp-ocooking-backend-cours/wp/wp-includes/plugin.php:470
[25-Oct-2021 07:59:58 UTC] PHP   7. WP_Hook->apply_filters() /var/www/html/spe wordpress/oCooking/wp-ocooking-backend-cours/wp/wp-includes/class-wp-hook.php:327
[25-Oct-2021 07:59:58 UTC] PHP   8. _load_remote_block_patterns() /var/www/html/spe wordpress/oCooking/wp-ocooking-backend-cours/wp/wp-includes/class-wp-hook.php:303
[25-Oct-2021 07:59:58 UTC] PHP   9. rest_do_request() /var/www/html/spe wordpress/oCooking/wp-ocooking-backend-cours/wp/wp-includes/block-patterns.php:74
[25-Oct-2021 07:59:58 UTC] PHP  10. rest_get_server() /var/www/html/spe wordpress/oCooking/wp-ocooking-backend-cours/wp/wp-includes/rest-api.php:495
[25-Oct-2021 07:59:58 UTC] PHP  11. do_action() /var/www/html/spe wordpress/oCooking/wp-ocooking-backend-cours/wp/wp-includes/rest-api.php:537
[25-Oct-2021 07:59:58 UTC] PHP  12. WP_Hook->do_action() /var/www/html/spe wordpress/oCooking/wp-ocooking-backend-cours/wp/wp-includes/plugin.php:470
[25-Oct-2021 07:59:58 UTC] PHP  13. WP_Hook->apply_filters() /var/www/html/spe wordpress/oCooking/wp-ocooking-backend-cours/wp/wp-includes/class-wp-hook.php:327
[25-Oct-2021 07:59:58 UTC] PHP  14. Jwt_Auth_Public->add_api_routes() /var/www/html/spe wordpress/oCooking/wp-ocooking-backend-cours/wp/wp-includes/class-wp-hook.php:303
[25-Oct-2021 07:59:58 UTC] PHP  15. register_rest_route() /var/www/html/spe wordpress/oCooking/wp-ocooking-backend-cours/content/plugins/jwt-authentication-for-wp-rest-api/public/class-jwt-auth-public.php:82
[25-Oct-2021 07:59:58 UTC] PHP  16. _doing_it_wrong() /var/www/html/spe wordpress/oCooking/wp-ocooking-backend-cours/wp/wp-includes/rest-api.php:103
[25-Oct-2021 07:59:58 UTC] PHP  17. trigger_error() /var/www/html/spe wordpress/oCooking/wp-ocooking-backend-cours/wp/wp-includes/functions.php:5663
[25-Oct-2021 10:40:04 UTC] PHP Notice:  register_rest_route est appelée de la mauvaise manière. La définition de la route de l’API REST pour <code>jwt-auth/v1/token</code> n’a pas l’argument <code>permission_callback</code> nécessaire. Pour les routes de l’API REST qui sont destinées à être publiques, utilisez <code>__return_true</code> comme rappel de permission. Veuillez lire <a href="https://fr.wordpress.org/support/article/debugging-in-wordpress/">Débogage dans WordPress</a> (en) pour plus d’informations. (Ce message a été ajouté à la version 5.5.0.) in /var/www/html/spe wordpress/oCooking/wp-ocooking-backend-cours/wp/wp-includes/functions.php on line 5663
[25-Oct-2021 10:40:04 UTC] PHP Stack trace:
[25-Oct-2021 10:40:04 UTC] PHP   1. {main}() /var/www/html/spe wordpress/oCooking/wp-ocooking-backend-cours/wp/wp-admin/post.php:0
[25-Oct-2021 10:40:04 UTC] PHP   2. require_once() /var/www/html/spe wordpress/oCooking/wp-ocooking-backend-cours/wp/wp-admin/post.php:12
[25-Oct-2021 10:40:04 UTC] PHP   3. set_current_screen() /var/www/html/spe wordpress/oCooking/wp-ocooking-backend-cours/wp/wp-admin/admin.php:212
[25-Oct-2021 10:40:04 UTC] PHP   4. WP_Screen->set_current_screen() /var/www/html/spe wordpress/oCooking/wp-ocooking-backend-cours/wp/wp-admin/includes/screen.php:243
[25-Oct-2021 10:40:04 UTC] PHP   5. do_action() /var/www/html/spe wordpress/oCooking/wp-ocooking-backend-cours/wp/wp-admin/includes/class-wp-screen.php:421
[25-Oct-2021 10:40:04 UTC] PHP   6. WP_Hook->do_action() /var/www/html/spe wordpress/oCooking/wp-ocooking-backend-cours/wp/wp-includes/plugin.php:470
[25-Oct-2021 10:40:04 UTC] PHP   7. WP_Hook->apply_filters() /var/www/html/spe wordpress/oCooking/wp-ocooking-backend-cours/wp/wp-includes/class-wp-hook.php:327
[25-Oct-2021 10:40:04 UTC] PHP   8. _load_remote_block_patterns() /var/www/html/spe wordpress/oCooking/wp-ocooking-backend-cours/wp/wp-includes/class-wp-hook.php:303
[25-Oct-2021 10:40:04 UTC] PHP   9. rest_do_request() /var/www/html/spe wordpress/oCooking/wp-ocooking-backend-cours/wp/wp-includes/block-patterns.php:74
[25-Oct-2021 10:40:04 UTC] PHP  10. rest_get_server() /var/www/html/spe wordpress/oCooking/wp-ocooking-backend-cours/wp/wp-includes/rest-api.php:495
[25-Oct-2021 10:40:04 UTC] PHP  11. do_action() /var/www/html/spe wordpress/oCooking/wp-ocooking-backend-cours/wp/wp-includes/rest-api.php:537
[25-Oct-2021 10:40:04 UTC] PHP  12. WP_Hook->do_action() /var/www/html/spe wordpress/oCooking/wp-ocooking-backend-cours/wp/wp-includes/plugin.php:470
[25-Oct-2021 10:40:04 UTC] PHP  13. WP_Hook->apply_filters() /var/www/html/spe wordpress/oCooking/wp-ocooking-backend-cours/wp/wp-includes/class-wp-hook.php:327
[25-Oct-2021 10:40:04 UTC] PHP  14. Jwt_Auth_Public->add_api_routes() /var/www/html/spe wordpress/oCooking/wp-ocooking-backend-cours/wp/wp-includes/class-wp-hook.php:303
[25-Oct-2021 10:40:04 UTC] PHP  15. register_rest_route() /var/www/html/spe wordpress/oCooking/wp-ocooking-backend-cours/content/plugins/jwt-authentication-for-wp-rest-api/public/class-jwt-auth-public.php:77
[25-Oct-2021 10:40:04 UTC] PHP  16. _doing_it_wrong() /var/www/html/spe wordpress/oCooking/wp-ocooking-backend-cours/wp/wp-includes/rest-api.php:103
[25-Oct-2021 10:40:04 UTC] PHP  17. trigger_error() /var/www/html/spe wordpress/oCooking/wp-ocooking-backend-cours/wp/wp-includes/functions.php:5663
[25-Oct-2021 10:40:04 UTC] PHP Notice:  register_rest_route est appelée de la mauvaise manière. La définition de la route de l’API REST pour <code>jwt-auth/v1/token/validate</code> n’a pas l’argument <code>permission_callback</code> nécessaire. Pour les routes de l’API REST qui sont destinées à être publiques, utilisez <code>__return_true</code> comme rappel de permission. Veuillez lire <a href="https://fr.wordpress.org/support/article/debugging-in-wordpress/">Débogage dans WordPress</a> (en) pour plus d’informations. (Ce message a été ajouté à la version 5.5.0.) in /var/www/html/spe wordpress/oCooking/wp-ocooking-backend-cours/wp/wp-includes/functions.php on line 5663
[25-Oct-2021 10:40:04 UTC] PHP Stack trace:
[25-Oct-2021 10:40:04 UTC] PHP   1. {main}() /var/www/html/spe wordpress/oCooking/wp-ocooking-backend-cours/wp/wp-admin/post.php:0
[25-Oct-2021 10:40:04 UTC] PHP   2. require_once() /var/www/html/spe wordpress/oCooking/wp-ocooking-backend-cours/wp/wp-admin/post.php:12
[25-Oct-2021 10:40:04 UTC] PHP   3. set_current_screen() /var/www/html/spe wordpress/oCooking/wp-ocooking-backend-cours/wp/wp-admin/admin.php:212
[25-Oct-2021 10:40:04 UTC] PHP   4. WP_Screen->set_current_screen() /var/www/html/spe wordpress/oCooking/wp-ocooking-backend-cours/wp/wp-admin/includes/screen.php:243
[25-Oct-2021 10:40:04 UTC] PHP   5. do_action() /var/www/html/spe wordpress/oCooking/wp-ocooking-backend-cours/wp/wp-admin/includes/class-wp-screen.php:421
[25-Oct-2021 10:40:04 UTC] PHP   6. WP_Hook->do_action() /var/www/html/spe wordpress/oCooking/wp-ocooking-backend-cours/wp/wp-includes/plugin.php:470
[25-Oct-2021 10:40:04 UTC] PHP   7. WP_Hook->apply_filters() /var/www/html/spe wordpress/oCooking/wp-ocooking-backend-cours/wp/wp-includes/class-wp-hook.php:327
[25-Oct-2021 10:40:04 UTC] PHP   8. _load_remote_block_patterns() /var/www/html/spe wordpress/oCooking/wp-ocooking-backend-cours/wp/wp-includes/class-wp-hook.php:303
[25-Oct-2021 10:40:04 UTC] PHP   9. rest_do_request() /var/www/html/spe wordpress/oCooking/wp-ocooking-backend-cours/wp/wp-includes/block-patterns.php:74
[25-Oct-2021 10:40:04 UTC] PHP  10. rest_get_server() /var/www/html/spe wordpress/oCooking/wp-ocooking-backend-cours/wp/wp-includes/rest-api.php:495
[25-Oct-2021 10:40:04 UTC] PHP  11. do_action() /var/www/html/spe wordpress/oCooking/wp-ocooking-backend-cours/wp/wp-includes/rest-api.php:537
[25-Oct-2021 10:40:04 UTC] PHP  12. WP_Hook->do_action() /var/www/html/spe wordpress/oCooking/wp-ocooking-backend-cours/wp/wp-includes/plugin.php:470
[25-Oct-2021 10:40:04 UTC] PHP  13. WP_Hook->apply_filters() /var/www/html/spe wordpress/oCooking/wp-ocooking-backend-cours/wp/wp-includes/class-wp-hook.php:327
[25-Oct-2021 10:40:04 UTC] PHP  14. Jwt_Auth_Public->add_api_routes() /var/www/html/spe wordpress/oCooking/wp-ocooking-backend-cours/wp/wp-includes/class-wp-hook.php:303
[25-Oct-2021 10:40:04 UTC] PHP  15. register_rest_route() /var/www/html/spe wordpress/oCooking/wp-ocooking-backend-cours/content/plugins/jwt-authentication-for-wp-rest-api/public/class-jwt-auth-public.php:82
[25-Oct-2021 10:40:04 UTC] PHP  16. _doing_it_wrong() /var/www/html/spe wordpress/oCooking/wp-ocooking-backend-cours/wp/wp-includes/rest-api.php:103
[25-Oct-2021 10:40:04 UTC] PHP  17. trigger_error() /var/www/html/spe wordpress/oCooking/wp-ocooking-backend-cours/wp/wp-includes/functions.php:5663
